{
  "RSpec": {
    "coverage": {
      "/Users/kunterbunt/Documents/web_dev/good_cop/app/controllers/comments_controller.rb": [
        1,
        1,
        0,
        0,
        null,
        null,
        1,
        0,
        0,
        0,
        0,
        0,
        0,
        null,
        null,
        null,
        1,
        null,
        1,
        0,
        null,
        null
      ],
      "/Users/kunterbunt/Documents/web_dev/good_cop/app/controllers/application_controller.rb": [
        1,
        null,
        null,
        1,
        null
      ],
      "/Users/kunterbunt/Documents/web_dev/good_cop/app/controllers/cops_controller.rb": [
        1,
        null,
        1,
        0,
        null,
        null,
        1,
        0,
        null,
        0,
        0,
        null,
        0,
        0,
        null,
        null,
        null,
        1,
        4,
        4,
        4,
        null,
        null,
        1,
        0,
        0,
        0,
        0,
        null,
        null,
        1,
        0,
        0,
        0,
        0,
        0,
        0,
        null,
        null,
        0,
        0,
        null,
        null,
        null,
        1,
        null,
        1,
        9,
        null,
        null,
        1,
        0,
        null,
        null,
        null
      ],
      "/Users/kunterbunt/Documents/web_dev/good_cop/app/controllers/ratings_controller.rb": [
        1,
        1,
        null,
        1,
        0,
        null,
        0,
        0,
        null,
        0,
        null,
        0,
        null,
        null,
        1,
        null,
        1,
        0,
        null,
        null,
        1,
        0,
        null,
        null,
        null
      ],
      "/Users/kunterbunt/Documents/web_dev/good_cop/app/models/precinct.rb": [
        1,
        1,
        null
      ],
      "/Users/kunterbunt/Documents/web_dev/good_cop/app/controllers/backbone/cops_controller.rb": [
        1,
        1,
        null,
        1,
        1,
        null,
        null,
        null,
        null
      ]
    },
    "timestamp": 1414367437
  }
}
