{
  "RSpec": {
    "coverage": {
      "/Users/kunterbunt/Documents/web_dev/good_cop/app/models/precinct.rb": [
        1,
        1,
        null
      ],
      "/Users/kunterbunt/Documents/web_dev/good_cop/app/controllers/backbone/cops_controller.rb": [
        1,
        1,
        1,
        null,
        1,
        6,
        null,
        null,
        1,
        6,
        null,
        null,
        1,
        0,
        0,
        null,
        null,
        1,
        null,
        1,
        0,
        null,
        null,
        null
      ],
      "/Users/kunterbunt/Documents/web_dev/good_cop/app/controllers/application_controller.rb": [
        1,
        null,
        null,
        1,
        null
      ]
    },
    "timestamp": 1415306500
  }
}
